Added Component: Designator=1(LCD-240x240-NoHole)
Added Component: Designator=CON1(FFC_0.5_8)
Add component (AddParameter): Name = "System"; Value = "Connector"; VariantName = "[No Variations]"
Added Component: Designator=Q1(SOT23-3)
Add component (AddParameter): Name = "LatestRevisionDate"; Value = "17-Jul-2002"; VariantName = "[No Variations]"
Add component (AddParameter): Name = "LatestRevisionNote"; Value = "Re-released for DXP Platform."; VariantName = "[No Variations]"
Add component (AddParameter): Name = "PackageDescription"; Value = "TO, Flat Index; 3 In-Line, Axial Leads; Body Dia. 4.6mm; Lead Dia. 0.5 mm (max)"; VariantName = "[No Variations]"
Add component (AddParameter): Name = "PackageReference"; Value = "E3"; VariantName = "[No Variations]"
Add component (AddParameter): Name = "PackageVersion"; Value = "1995/1996"; VariantName = "[No Variations]"
Add component (AddParameter): Name = "Published"; Value = "8-Jun-2000"; VariantName = "[No Variations]"
Add component (AddParameter): Name = "Publisher"; Value = "Altium Limited"; VariantName = "[No Variations]"
Added Component: Designator=R1(RES_0402)
Add component (AddParameter): Name = "Value"; Value = "22R"; VariantName = "[No Variations]"
Added Pin To Net: NetName=3V3 Pin=1-4
Added Pin To Net: NetName=3V3 Pin=CON1-2
Added Pin To Net: NetName=3V3 Pin=Q1-2
Added Net: Name=3V3
Added Pin To Net: NetName=DC Pin=1-7
Added Pin To Net: NetName=DC Pin=CON1-4
Added Net: Name=DC
Added Pin To Net: NetName=GND Pin=1-1
Added Pin To Net: NetName=GND Pin=1-2
Added Pin To Net: NetName=GND Pin=1-5
Added Pin To Net: NetName=GND Pin=1-6
Added Pin To Net: NetName=GND Pin=1-8
Added Pin To Net: NetName=GND Pin=1-12
Added Pin To Net: NetName=GND Pin=CON1-3
Added Net: Name=GND
Added Pin To Net: NetName=LCD_BL_VCC Pin=1-3
Added Pin To Net: NetName=LCD_BL_VCC Pin=Q1-3
Added Net: Name=LCD_BL_VCC
Added Pin To Net: NetName=LCD_BL Pin=CON1-8
Added Pin To Net: NetName=LCD_BL Pin=R1-1
Added Net: Name=LCD_BL
Added Pin To Net: NetName=MOSI Pin=1-10
Added Pin To Net: NetName=MOSI Pin=CON1-6
Added Net: Name=MOSI
Added Pin To Net: NetName=NetQ1_1 Pin=Q1-1
Added Pin To Net: NetName=NetQ1_1 Pin=R1-2
Added Net: Name=NetQ1_1
Added Pin To Net: NetName=RES Pin=1-11
Added Pin To Net: NetName=RES Pin=CON1-7
Added Net: Name=RES
Added Pin To Net: NetName=SCK Pin=1-9
Added Pin To Net: NetName=SCK Pin=CON1-5
Added Net: Name=SCK
Added Pin To Net: NetName=VDD_5V Pin=CON1-1
Added Net: Name=VDD_5V
Added Class: Name=Extandboard
Added Room: Name=Extandboard
