The system is: Windows - 10.0.19042 - AMD64
Compiling the C compiler identification source file "CMakeCCompilerId.c" succeeded.
Compiler: C:/VS2019/文件/VC/Tools/MSVC/14.27.29110/bin/Hostx64/x64/cl.exe 
Build flags: 
Id flags:  

The output was:
0
用于 x64 的 Microsoft (R) C/C++ 优化编译器 19.27.29110 版
版权所有(C) Microsoft Corporation。保留所有权利。

CMakeCCompilerId.c
Microsoft (R) Incremental Linker Version 14.27.29110.0
Copyright (C) Microsoft Corporation.  All rights reserved.

/out:CMakeCCompilerId.exe 
CMakeCCompilerId.obj 


Compilation of the C compiler identification source "CMakeCCompilerId.c" produced "CMakeCCompilerId.exe"

Compilation of the C compiler identification source "CMakeCCompilerId.c" produced "CMakeCCompilerId.obj"

The C compiler identification is MSVC, found in "C:/Users/lenono/Desktop/新建文件夹/HoloCubic/2.Firmware/Libraries/lvgl/out/build/x64-Debug (默认值)/CMakeFiles/3.17.20032601-MSVC_2/CompilerIdC/CMakeCCompilerId.exe"

Compiling the CXX compiler identification source file "CMakeCXXCompilerId.cpp" succeeded.
Compiler: C:/VS2019/文件/VC/Tools/MSVC/14.27.29110/bin/Hostx64/x64/cl.exe 
Build flags: 
Id flags:  

The output was:
0
用于 x64 的 Microsoft (R) C/C++ 优化编译器 19.27.29110 版
版权所有(C) Microsoft Corporation。保留所有权利。

CMakeCXXCompilerId.cpp
Microsoft (R) Incremental Linker Version 14.27.29110.0
Copyright (C) Microsoft Corporation.  All rights reserved.

/out:CMakeCXXCompilerId.exe 
CMakeCXXCompilerId.obj 


Compilation of the CXX compiler identification source "CMakeCXXCompilerId.cpp" produced "CMakeCXXCompilerId.exe"

Compilation of the CXX compiler identification source "CMakeCXXCompilerId.cpp" produced "CMakeCXXCompilerId.obj"

The CXX compiler identification is MSVC, found in "C:/Users/lenono/Desktop/新建文件夹/HoloCubic/2.Firmware/Libraries/lvgl/out/build/x64-Debug (默认值)/CMakeFiles/3.17.20032601-MSVC_2/CompilerIdCXX/CMakeCXXCompilerId.exe"

Determining if the C compiler works passed with the following output:
Change Dir: C:/Users/lenono/Desktop/新建文件夹/HoloCubic/2.Firmware/Libraries/lvgl/out/build/x64-Debug (默认值)/CMakeFiles/CMakeTmp

Run Build Command(s):C:\VS2019\文件\COMMON7\IDE\COMMONEXTENSIONS\MICROSOFT\CMAKE\Ninja\ninja.exe cmTC_c0ebd && [1/2] Building C object CMakeFiles\cmTC_c0ebd.dir\testCCompiler.c.obj
[2/2] Linking C executable cmTC_c0ebd.exe



Detecting C compiler ABI info compiled with the following output:
Change Dir: C:/Users/lenono/Desktop/新建文件夹/HoloCubic/2.Firmware/Libraries/lvgl/out/build/x64-Debug (默认值)/CMakeFiles/CMakeTmp

Run Build Command(s):C:\VS2019\文件\COMMON7\IDE\COMMONEXTENSIONS\MICROSOFT\CMAKE\Ninja\ninja.exe cmTC_bbd50 && [1/2] Building C object CMakeFiles\cmTC_bbd50.dir\CMakeCCompilerABI.c.obj
[2/2] Linking C executable cmTC_bbd50.exe



Determining if the CXX compiler works passed with the following output:
Change Dir: C:/Users/lenono/Desktop/新建文件夹/HoloCubic/2.Firmware/Libraries/lvgl/out/build/x64-Debug (默认值)/CMakeFiles/CMakeTmp

Run Build Command(s):C:\VS2019\文件\COMMON7\IDE\COMMONEXTENSIONS\MICROSOFT\CMAKE\Ninja\ninja.exe cmTC_9a47d && [1/2] Building CXX object CMakeFiles\cmTC_9a47d.dir\testCXXCompiler.cxx.obj
[2/2] Linking CXX executable cmTC_9a47d.exe



Detecting CXX compiler ABI info compiled with the following output:
Change Dir: C:/Users/lenono/Desktop/新建文件夹/HoloCubic/2.Firmware/Libraries/lvgl/out/build/x64-Debug (默认值)/CMakeFiles/CMakeTmp

Run Build Command(s):C:\VS2019\文件\COMMON7\IDE\COMMONEXTENSIONS\MICROSOFT\CMAKE\Ninja\ninja.exe cmTC_195e3 && [1/2] Building CXX object CMakeFiles\cmTC_195e3.dir\CMakeCXXCompilerABI.cpp.obj
[2/2] Linking CXX executable cmTC_195e3.exe



